Usage: celery [OPTIONS] COMMAND [ARGS]...

Try 'celery --help' for help.

Error: Invalid value for '-A' / '--app': 

Unable to load celery application.

While trying to load the module app.tasks the following error occurred:

Traceback (most recent call last):

  File "/usr/local/lib/python3.11/site-packages/celery/bin/celery.py", line 58, in convert

    return find_app(value)

           ^^^^^^^^^^^^^^^

  File "/usr/local/lib/python3.11/site-packages/celery/app/utils.py", line 383, in find_app

    sym = symbol_by_name(app, imp=imp)

          ^^^^^^^^^^^^^^^^^^^^^^^^^^^^

  File "/usr/local/lib/python3.11/site-packages/kombu/utils/imports.py", line 59, in symbol_by_name

    module = imp(module_name, package=package, **kwargs)

             ^^^^^^^^^^^^^^^^^^^^^^^^^^^^^^^^^^^^^^^^^^^

  File "/usr/local/lib/python3.11/site-packages/celery/utils/imports.py", line 109, in import_from_cwd

    return imp(module, package=package)

           ^^^^^^^^^^^^^^^^^^^^^^^^^^^^

  File "/usr/local/lib/python3.11/importlib/__init__.py", line 126, in import_module

    return _bootstrap._gcd_import(name[level:], package, level)

           ^^^^^^^^^^^^^^^^^^^^^^^^^^^^^^^^^^^^^^^^^^^^^^^^^^^^

  File "<frozen importlib._bootstrap>", line 1204, in _gcd_import

  File "<frozen importlib._bootstrap>", line 1176, in _find_and_load

  File "<frozen importlib._bootstrap>", line 1140, in _find_and_load_unlocked

ModuleNotFoundError: No module named 'app'